{"/home/tagavor/Documents/node-projs/braniubojni-dashboard-api/src/app.ts": {"path":"/home/tagavor/Documents/node-projs/braniubojni-dashboard-api/src/app.ts","statementMap":{"0":{"start":{"line":1,"column":0},"end":{"line":1,"column":35}},"1":{"start":{"line":2,"column":0},"end":{"line":2,"column":43}},"2":{"start":{"line":4,"column":0},"end":{"line":4,"column":47}},"3":{"start":{"line":5,"column":0},"end":{"line":5,"column":26}},"4":{"start":{"line":6,"column":0},"end":{"line":6,"column":58}},"5":{"start":{"line":8,"column":0},"end":{"line":8,"column":58}},"6":{"start":{"line":11,"column":0},"end":{"line":11,"column":32}},"7":{"start":{"line":12,"column":0},"end":{"line":12,"column":58}},"8":{"start":{"line":13,"column":0},"end":{"line":13,"column":59}},"9":{"start":{"line":16,"column":0},"end":{"line":59,"column":null}},"10":{"start":{"line":22,"column":33},"end":{"line":22,"column":48}},"11":{"start":{"line":23,"column":40},"end":{"line":23,"column":56}},"12":{"start":{"line":24,"column":41},"end":{"line":24,"column":73}},"13":{"start":{"line":25,"column":39},"end":{"line":25,"column":68}},"14":{"start":{"line":26,"column":39},"end":{"line":26,"column":54}},"15":{"start":{"line":27,"column":41},"end":{"line":27,"column":58}},"16":{"start":{"line":29,"column":2},"end":{"line":29,"column":23}},"17":{"start":{"line":30,"column":2},"end":{"line":30,"column":19}},"18":{"start":{"line":34,"column":2},"end":{"line":34,"column":23}},"19":{"start":{"line":35,"column":25},"end":{"line":35,"column":93}},"20":{"start":{"line":36,"column":2},"end":{"line":36,"column":60}},"21":{"start":{"line":40,"column":2},"end":{"line":40,"column":53}},"22":{"start":{"line":44,"column":2},"end":{"line":44,"column":68}},"23":{"start":{"line":48,"column":2},"end":{"line":48,"column":23}},"24":{"start":{"line":49,"column":2},"end":{"line":49,"column":19}},"25":{"start":{"line":50,"column":2},"end":{"line":50,"column":28}},"26":{"start":{"line":51,"column":2},"end":{"line":51,"column":37}},"27":{"start":{"line":52,"column":15},"end":{"line":52,"column":24}},"28":{"start":{"line":53,"column":2},"end":{"line":53,"column":82}},"29":{"start":{"line":53,"column":44},"end":{"line":53,"column":80}},"30":{"start":{"line":57,"column":2},"end":{"line":57,"column":22}},"31":{"start":{"line":16,"column":13},"end":{"line":59,"column":null}},"32":{"start":{"line":16,"column":13},"end":{"line":16,"column":16}}},"fnMap":{"0":{"name":"(anonymous_12)","decl":{"start":{"line":21,"column":1},"end":{"line":21,"column":null}},"loc":{"start":{"line":27,"column":73},"end":{"line":31,"column":2}}},"1":{"name":"(anonymous_13)","decl":{"start":{"line":33,"column":8},"end":{"line":33,"column":21}},"loc":{"start":{"line":33,"column":21},"end":{"line":37,"column":2}}},"2":{"name":"(anonymous_14)","decl":{"start":{"line":39,"column":8},"end":{"line":39,"column":17}},"loc":{"start":{"line":39,"column":17},"end":{"line":41,"column":2}}},"3":{"name":"(anonymous_15)","decl":{"start":{"line":43,"column":8},"end":{"line":43,"column":26}},"loc":{"start":{"line":43,"column":26},"end":{"line":45,"column":2}}},"4":{"name":"(anonymous_16)","decl":{"start":{"line":47,"column":14},"end":{"line":47,"column":18}},"loc":{"start":{"line":47,"column":18},"end":{"line":54,"column":null}}},"5":{"name":"(anonymous_18)","decl":{"start":{"line":53,"column":38},"end":{"line":53,"column":41}},"loc":{"start":{"line":53,"column":44},"end":{"line":53,"column":80}}},"6":{"name":"(anonymous_19)","decl":{"start":{"line":56,"column":8},"end":{"line":56,"column":13}},"loc":{"start":{"line":56,"column":13},"end":{"line":58,"column":2}}}},"branchMap":{"0":{"loc":{"start":{"line":35,"column":44},"end":{"line":35,"column":92}},"type":"binary-expr","locations":[{"start":{"line":35,"column":44},"end":{"line":35,"column":76}},{"start":{"line":35,"column":80},"end":{"line":35,"column":92}}]}},"s":{"0":1,"1":1,"2":1,"3":1,"4":1,"5":1,"6":1,"7":1,"8":1,"9":1,"10":1,"11":1,"12":1,"13":1,"14":1,"15":1,"16":1,"17":1,"18":1,"19":1,"20":1,"21":1,"22":1,"23":1,"24":1,"25":1,"26":1,"27":1,"28":1,"29":1,"30":1,"31":1,"32":1},"f":{"0":1,"1":1,"2":1,"3":1,"4":1,"5":1,"6":1},"b":{"0":[1,0]}}
,"/home/tagavor/Documents/node-projs/braniubojni-dashboard-api/src/main.ts": {"path":"/home/tagavor/Documents/node-projs/braniubojni-dashboard-api/src/main.ts","statementMap":{"0":{"start":{"line":1,"column":0},"end":{"line":1,"column":67}},"1":{"start":{"line":2,"column":0},"end":{"line":2,"column":28}},"2":{"start":{"line":3,"column":0},"end":{"line":3,"column":56}},"3":{"start":{"line":4,"column":0},"end":{"line":4,"column":58}},"4":{"start":{"line":5,"column":0},"end":{"line":5,"column":58}},"5":{"start":{"line":8,"column":0},"end":{"line":8,"column":56}},"6":{"start":{"line":9,"column":0},"end":{"line":9,"column":32}},"7":{"start":{"line":10,"column":0},"end":{"line":10,"column":58}},"8":{"start":{"line":12,"column":0},"end":{"line":12,"column":59}},"9":{"start":{"line":14,"column":0},"end":{"line":14,"column":52}},"10":{"start":{"line":17,"column":13},"end":{"line":26,"column":3}},"11":{"start":{"line":18,"column":1},"end":{"line":18,"column":67}},"12":{"start":{"line":19,"column":1},"end":{"line":19,"column":66}},"13":{"start":{"line":20,"column":1},"end":{"line":20,"column":64}},"14":{"start":{"line":21,"column":1},"end":{"line":21,"column":55}},"15":{"start":{"line":22,"column":1},"end":{"line":22,"column":79}},"16":{"start":{"line":23,"column":1},"end":{"line":23,"column":79}},"17":{"start":{"line":24,"column":1},"end":{"line":24,"column":86}},"18":{"start":{"line":25,"column":1},"end":{"line":25,"column":38}},"19":{"start":{"line":34,"column":22},"end":{"line":34,"column":37}},"20":{"start":{"line":35,"column":1},"end":{"line":35,"column":32}},"21":{"start":{"line":36,"column":13},"end":{"line":36,"column":53}},"22":{"start":{"line":37,"column":1},"end":{"line":37,"column":18}},"23":{"start":{"line":38,"column":1},"end":{"line":41,"column":3}},"24":{"start":{"line":44,"column":13},"end":{"line":44,"column":32}}},"fnMap":{"0":{"name":"(anonymous_7)","decl":{"start":{"line":17,"column":47},"end":{"line":17,"column":48}},"loc":{"start":{"line":17,"column":73},"end":{"line":26,"column":1}}},"1":{"name":"bootstrap","decl":{"start":{"line":33,"column":15},"end":{"line":33,"column":24}},"loc":{"start":{"line":33,"column":24},"end":{"line":42,"column":null}}}},"branchMap":{},"s":{"0":1,"1":1,"2":1,"3":1,"4":1,"5":1,"6":1,"7":1,"8":1,"9":1,"10":1,"11":1,"12":1,"13":1,"14":1,"15":1,"16":1,"17":1,"18":1,"19":1,"20":1,"21":1,"22":1,"23":1,"24":1},"f":{"0":1,"1":1},"b":{}}
,"/home/tagavor/Documents/node-projs/braniubojni-dashboard-api/src/types.ts": {"path":"/home/tagavor/Documents/node-projs/braniubojni-dashboard-api/src/types.ts","statementMap":{"0":{"start":{"line":1,"column":13},"end":{"line":11,"column":2}}},"fnMap":{},"branchMap":{},"s":{"0":1},"f":{},"b":{}}
,"/home/tagavor/Documents/node-projs/braniubojni-dashboard-api/src/common/auth.guard.ts": {"path":"/home/tagavor/Documents/node-projs/braniubojni-dashboard-api/src/common/auth.guard.ts","statementMap":{"0":{"start":{"line":2,"column":0},"end":{"line":2,"column":56}},"1":{"start":{"line":7,"column":2},"end":{"line":9,"column":null}},"2":{"start":{"line":8,"column":3},"end":{"line":8,"column":17}},"3":{"start":{"line":10,"column":2},"end":{"line":10,"column":46}},"4":{"start":{"line":5,"column":0},"end":{"line":5,"column":13}}},"fnMap":{"0":{"name":"(anonymous_0)","decl":{"start":{"line":6,"column":1},"end":{"line":6,"column":8}},"loc":{"start":{"line":6,"column":56},"end":{"line":11,"column":2}}}},"branchMap":{"0":{"loc":{"start":{"line":7,"column":2},"end":{"line":9,"column":null}},"type":"if","locations":[{"start":{"line":7,"column":2},"end":{"line":9,"column":null}}]}},"s":{"0":1,"1":6,"2":5,"3":1,"4":1},"f":{"0":6},"b":{"0":[5]}}
,"/home/tagavor/Documents/node-projs/braniubojni-dashboard-api/src/common/auth.middleware.ts": {"path":"/home/tagavor/Documents/node-projs/braniubojni-dashboard-api/src/common/auth.middleware.ts","statementMap":{"0":{"start":{"line":2,"column":0},"end":{"line":2,"column":38}},"1":{"start":{"line":6,"column":21},"end":{"line":6,"column":35}},"2":{"start":{"line":9,"column":2},"end":{"line":23,"column":null}},"3":{"start":{"line":10,"column":27},"end":{"line":10,"column":63}},"4":{"start":{"line":11,"column":3},"end":{"line":11,"column":33}},"5":{"start":{"line":11,"column":26},"end":{"line":11,"column":33}},"6":{"start":{"line":13,"column":3},"end":{"line":20,"column":6}},"7":{"start":{"line":14,"column":4},"end":{"line":19,"column":null}},"8":{"start":{"line":15,"column":5},"end":{"line":15,"column":12}},"9":{"start":{"line":16,"column":11},"end":{"line":19,"column":null}},"10":{"start":{"line":17,"column":5},"end":{"line":17,"column":30}},"11":{"start":{"line":18,"column":5},"end":{"line":18,"column":12}},"12":{"start":{"line":22,"column":3},"end":{"line":22,"column":10}},"13":{"start":{"line":5,"column":0},"end":{"line":5,"column":13}}},"fnMap":{"0":{"name":"(anonymous_0)","decl":{"start":{"line":6,"column":1},"end":{"line":6,"column":21}},"loc":{"start":{"line":6,"column":35},"end":{"line":6,"column":39}}},"1":{"name":"(anonymous_1)","decl":{"start":{"line":8,"column":1},"end":{"line":8,"column":8}},"loc":{"start":{"line":8,"column":56},"end":{"line":24,"column":2}}},"2":{"name":"(anonymous_2)","decl":{"start":{"line":13,"column":30},"end":{"line":13,"column":31}},"loc":{"start":{"line":13,"column":47},"end":{"line":20,"column":4}}}},"branchMap":{"0":{"loc":{"start":{"line":9,"column":2},"end":{"line":23,"column":null}},"type":"if","locations":[{"start":{"line":9,"column":2},"end":{"line":23,"column":null}},{"start":{"line":21,"column":9},"end":{"line":23,"column":null}}]},"1":{"loc":{"start":{"line":11,"column":3},"end":{"line":11,"column":33}},"type":"if","locations":[{"start":{"line":11,"column":3},"end":{"line":11,"column":33}}]},"2":{"loc":{"start":{"line":11,"column":7},"end":{"line":11,"column":24}},"type":"binary-expr","locations":[{"start":{"line":11,"column":7},"end":{"line":11,"column":14}},{"start":{"line":11,"column":18},"end":{"line":11,"column":24}}]},"3":{"loc":{"start":{"line":14,"column":4},"end":{"line":19,"column":null}},"type":"if","locations":[{"start":{"line":14,"column":4},"end":{"line":19,"column":null}},{"start":{"line":16,"column":11},"end":{"line":19,"column":null}}]},"4":{"loc":{"start":{"line":16,"column":11},"end":{"line":19,"column":null}},"type":"if","locations":[{"start":{"line":16,"column":11},"end":{"line":19,"column":null}}]},"5":{"loc":{"start":{"line":16,"column":15},"end":{"line":16,"column":53}},"type":"binary-expr","locations":[{"start":{"line":16,"column":15},"end":{"line":16,"column":22}},{"start":{"line":16,"column":26},"end":{"line":16,"column":53}}]}},"s":{"0":1,"1":1,"2":12,"3":6,"4":6,"5":0,"6":6,"7":6,"8":1,"9":5,"10":5,"11":5,"12":6,"13":1},"f":{"0":1,"1":12,"2":6},"b":{"0":[6,6],"1":[0],"2":[6,6],"3":[1,5],"4":[5],"5":[5,5]}}
,"/home/tagavor/Documents/node-projs/braniubojni-dashboard-api/src/common/base.controller.ts": {"path":"/home/tagavor/Documents/node-projs/braniubojni-dashboard-api/src/common/base.controller.ts","statementMap":{"0":{"start":{"line":1,"column":0},"end":{"line":1,"column":43}},"1":{"start":{"line":2,"column":0},"end":{"line":2,"column":39}},"2":{"start":{"line":5,"column":0},"end":{"line":5,"column":26}},"3":{"start":{"line":8,"column":0},"end":{"line":40,"column":null}},"4":{"start":{"line":10,"column":21},"end":{"line":10,"column":36}},"5":{"start":{"line":11,"column":2},"end":{"line":11,"column":26}},"6":{"start":{"line":15,"column":2},"end":{"line":15,"column":22}},"7":{"start":{"line":19,"column":2},"end":{"line":19,"column":31}},"8":{"start":{"line":20,"column":2},"end":{"line":20,"column":40}},"9":{"start":{"line":24,"column":2},"end":{"line":24,"column":41}},"10":{"start":{"line":28,"column":2},"end":{"line":28,"column":39}},"11":{"start":{"line":32,"column":2},"end":{"line":38,"column":null}},"12":{"start":{"line":33,"column":3},"end":{"line":33,"column":67}},"13":{"start":{"line":34,"column":22},"end":{"line":34,"column":70}},"14":{"start":{"line":34,"column":52},"end":{"line":34,"column":69}},"15":{"start":{"line":35,"column":19},"end":{"line":35,"column":40}},"16":{"start":{"line":36,"column":20},"end":{"line":36,"column":67}},"17":{"start":{"line":37,"column":3},"end":{"line":37,"column":51}},"18":{"start":{"line":8,"column":22},"end":{"line":40,"column":null}},"19":{"start":{"line":8,"column":22},"end":{"line":8,"column":36}}},"fnMap":{"0":{"name":"(anonymous_2)","decl":{"start":{"line":10,"column":1},"end":{"line":10,"column":21}},"loc":{"start":{"line":10,"column":36},"end":{"line":12,"column":2}}},"1":{"name":"(anonymous_3)","decl":{"start":{"line":14,"column":1},"end":{"line":14,"column":5}},"loc":{"start":{"line":14,"column":11},"end":{"line":16,"column":2}}},"2":{"name":"(anonymous_4)","decl":{"start":{"line":18,"column":8},"end":{"line":18,"column":12}},"loc":{"start":{"line":18,"column":55},"end":{"line":21,"column":2}}},"3":{"name":"(anonymous_5)","decl":{"start":{"line":23,"column":8},"end":{"line":23,"column":10}},"loc":{"start":{"line":23,"column":39},"end":{"line":25,"column":2}}},"4":{"name":"(anonymous_6)","decl":{"start":{"line":27,"column":8},"end":{"line":27,"column":15}},"loc":{"start":{"line":27,"column":44},"end":{"line":29,"column":2}}},"5":{"name":"(anonymous_7)","decl":{"start":{"line":31,"column":11},"end":{"line":31,"column":21}},"loc":{"start":{"line":31,"column":48},"end":{"line":39,"column":2}}},"6":{"name":"(anonymous_8)","decl":{"start":{"line":34,"column":45},"end":{"line":34,"column":46}},"loc":{"start":{"line":34,"column":52},"end":{"line":34,"column":69}}}},"branchMap":{"0":{"loc":{"start":{"line":34,"column":22},"end":{"line":34,"column":70}},"type":"cond-expr","locations":[{"start":{"line":34,"column":39},"end":{"line":34,"column":41}},{"start":{"line":34,"column":39},"end":{"line":34,"column":70}}]},"1":{"loc":{"start":{"line":34,"column":22},"end":{"line":34,"column":41}},"type":"binary-expr","locations":[{"start":{"line":34,"column":22},"end":{"line":34,"column":41}},{"start":{"line":34,"column":39},"end":{"line":34,"column":41}}]},"2":{"loc":{"start":{"line":36,"column":20},"end":{"line":36,"column":67}},"type":"cond-expr","locations":[{"start":{"line":36,"column":33},"end":{"line":36,"column":57}},{"start":{"line":36,"column":60},"end":{"line":36,"column":67}}]}},"s":{"0":1,"1":1,"2":1,"3":1,"4":1,"5":1,"6":5,"7":5,"8":5,"9":5,"10":2,"11":1,"12":4,"13":4,"14":4,"15":4,"16":4,"17":4,"18":1,"19":1},"f":{"0":1,"1":5,"2":5,"3":5,"4":2,"5":1,"6":4},"b":{"0":[0,4],"1":[4,4],"2":[4,0]}}
,"/home/tagavor/Documents/node-projs/braniubojni-dashboard-api/src/common/validate.middleware.ts": {"path":"/home/tagavor/Documents/node-projs/braniubojni-dashboard-api/src/common/validate.middleware.ts","statementMap":{"0":{"start":{"line":1,"column":0},"end":{"line":1,"column":67}},"1":{"start":{"line":2,"column":0},"end":{"line":2,"column":43}},"2":{"start":{"line":7,"column":21},"end":{"line":7,"column":62}},"3":{"start":{"line":10,"column":19},"end":{"line":10,"column":59}},"4":{"start":{"line":12,"column":2},"end":{"line":18,"column":5}},"5":{"start":{"line":13,"column":3},"end":{"line":17,"column":null}},"6":{"start":{"line":14,"column":4},"end":{"line":14,"column":33}},"7":{"start":{"line":16,"column":4},"end":{"line":16,"column":11}},"8":{"start":{"line":6,"column":0},"end":{"line":6,"column":13}}},"fnMap":{"0":{"name":"(anonymous_0)","decl":{"start":{"line":7,"column":1},"end":{"line":7,"column":21}},"loc":{"start":{"line":7,"column":62},"end":{"line":7,"column":66}}},"1":{"name":"(anonymous_1)","decl":{"start":{"line":9,"column":1},"end":{"line":9,"column":8}},"loc":{"start":{"line":9,"column":87},"end":{"line":19,"column":2}}},"2":{"name":"(anonymous_2)","decl":{"start":{"line":12,"column":26},"end":{"line":12,"column":27}},"loc":{"start":{"line":12,"column":37},"end":{"line":18,"column":3}}}},"branchMap":{"0":{"loc":{"start":{"line":13,"column":3},"end":{"line":17,"column":null}},"type":"if","locations":[{"start":{"line":13,"column":3},"end":{"line":17,"column":null}},{"start":{"line":15,"column":10},"end":{"line":17,"column":null}}]}},"s":{"0":1,"1":1,"2":2,"3":6,"4":6,"5":6,"6":0,"7":6,"8":1},"f":{"0":2,"1":6,"2":6},"b":{"0":[0,6]}}
,"/home/tagavor/Documents/node-projs/braniubojni-dashboard-api/src/config/config.service.ts": {"path":"/home/tagavor/Documents/node-projs/braniubojni-dashboard-api/src/config/config.service.ts","statementMap":{"0":{"start":{"line":1,"column":0},"end":{"line":1,"column":71}},"1":{"start":{"line":2,"column":0},"end":{"line":2,"column":47}},"2":{"start":{"line":4,"column":0},"end":{"line":4,"column":33}},"3":{"start":{"line":8,"column":0},"end":{"line":22,"column":null}},"4":{"start":{"line":10,"column":53},"end":{"line":10,"column":68}},"5":{"start":{"line":11,"column":37},"end":{"line":11,"column":45}},"6":{"start":{"line":12,"column":2},"end":{"line":17,"column":null}},"7":{"start":{"line":13,"column":3},"end":{"line":13,"column":81}},"8":{"start":{"line":15,"column":3},"end":{"line":15,"column":50}},"9":{"start":{"line":16,"column":3},"end":{"line":16,"column":52}},"10":{"start":{"line":20,"column":2},"end":{"line":20,"column":26}},"11":{"start":{"line":8,"column":13},"end":{"line":22,"column":null}},"12":{"start":{"line":8,"column":13},"end":{"line":8,"column":26}}},"fnMap":{"0":{"name":"(anonymous_4)","decl":{"start":{"line":10,"column":1},"end":{"line":10,"column":14}},"loc":{"start":{"line":10,"column":68},"end":{"line":18,"column":2}}},"1":{"name":"(anonymous_5)","decl":{"start":{"line":19,"column":1},"end":{"line":19,"column":4}},"loc":{"start":{"line":19,"column":16},"end":{"line":21,"column":2}}}},"branchMap":{"0":{"loc":{"start":{"line":12,"column":2},"end":{"line":17,"column":null}},"type":"if","locations":[{"start":{"line":12,"column":2},"end":{"line":17,"column":null}},{"start":{"line":14,"column":9},"end":{"line":17,"column":null}}]}},"s":{"0":1,"1":1,"2":1,"3":1,"4":1,"5":1,"6":1,"7":0,"8":1,"9":1,"10":6,"11":1,"12":1},"f":{"0":1,"1":6},"b":{"0":[0,1]}}
,"/home/tagavor/Documents/node-projs/braniubojni-dashboard-api/src/database/prisma.service.ts": {"path":"/home/tagavor/Documents/node-projs/braniubojni-dashboard-api/src/database/prisma.service.ts","statementMap":{"0":{"start":{"line":1,"column":0},"end":{"line":1,"column":46}},"1":{"start":{"line":2,"column":0},"end":{"line":2,"column":47}},"2":{"start":{"line":4,"column":0},"end":{"line":4,"column":33}},"3":{"start":{"line":7,"column":0},"end":{"line":35,"column":null}},"4":{"start":{"line":10,"column":44},"end":{"line":10,"column":59}},"5":{"start":{"line":11,"column":2},"end":{"line":11,"column":35}},"6":{"start":{"line":15,"column":2},"end":{"line":22,"column":null}},"7":{"start":{"line":16,"column":3},"end":{"line":16,"column":32}},"8":{"start":{"line":17,"column":3},"end":{"line":17,"column":54}},"9":{"start":{"line":19,"column":3},"end":{"line":21,"column":null}},"10":{"start":{"line":20,"column":4},"end":{"line":20,"column":58}},"11":{"start":{"line":26,"column":2},"end":{"line":33,"column":null}},"12":{"start":{"line":27,"column":3},"end":{"line":27,"column":35}},"13":{"start":{"line":28,"column":3},"end":{"line":28,"column":57}},"14":{"start":{"line":30,"column":3},"end":{"line":32,"column":null}},"15":{"start":{"line":31,"column":4},"end":{"line":31,"column":72}},"16":{"start":{"line":7,"column":13},"end":{"line":35,"column":null}},"17":{"start":{"line":7,"column":13},"end":{"line":7,"column":26}}},"fnMap":{"0":{"name":"(anonymous_11)","decl":{"start":{"line":10,"column":1},"end":{"line":10,"column":14}},"loc":{"start":{"line":10,"column":59},"end":{"line":12,"column":2}}},"1":{"name":"(anonymous_12)","decl":{"start":{"line":14,"column":7},"end":{"line":14,"column":14}},"loc":{"start":{"line":14,"column":14},"end":{"line":23,"column":null}}},"2":{"name":"(anonymous_14)","decl":{"start":{"line":25,"column":7},"end":{"line":25,"column":17}},"loc":{"start":{"line":25,"column":17},"end":{"line":34,"column":null}}}},"branchMap":{"0":{"loc":{"start":{"line":19,"column":3},"end":{"line":21,"column":null}},"type":"if","locations":[{"start":{"line":19,"column":3},"end":{"line":21,"column":null}}]},"1":{"loc":{"start":{"line":30,"column":3},"end":{"line":32,"column":null}},"type":"if","locations":[{"start":{"line":30,"column":3},"end":{"line":32,"column":null}}]}},"s":{"0":1,"1":1,"2":1,"3":1,"4":1,"5":1,"6":1,"7":1,"8":1,"9":0,"10":0,"11":0,"12":0,"13":0,"14":0,"15":0,"16":1,"17":1},"f":{"0":1,"1":1,"2":0},"b":{"0":[0],"1":[0]}}
,"/home/tagavor/Documents/node-projs/braniubojni-dashboard-api/src/errors/exeption.filter.ts": {"path":"/home/tagavor/Documents/node-projs/braniubojni-dashboard-api/src/errors/exeption.filter.ts","statementMap":{"0":{"start":{"line":2,"column":0},"end":{"line":2,"column":47}},"1":{"start":{"line":4,"column":0},"end":{"line":4,"column":33}},"2":{"start":{"line":6,"column":0},"end":{"line":6,"column":47}},"3":{"start":{"line":7,"column":0},"end":{"line":7,"column":26}},"4":{"start":{"line":10,"column":0},"end":{"line":22,"column":null}},"5":{"start":{"line":11,"column":44},"end":{"line":11,"column":59}},"6":{"start":{"line":14,"column":2},"end":{"line":20,"column":null}},"7":{"start":{"line":15,"column":3},"end":{"line":15,"column":81}},"8":{"start":{"line":16,"column":3},"end":{"line":16,"column":57}},"9":{"start":{"line":18,"column":3},"end":{"line":18,"column":39}},"10":{"start":{"line":19,"column":3},"end":{"line":19,"column":46}},"11":{"start":{"line":10,"column":13},"end":{"line":22,"column":null}},"12":{"start":{"line":10,"column":13},"end":{"line":10,"column":27}}},"fnMap":{"0":{"name":"(anonymous_4)","decl":{"start":{"line":11,"column":1},"end":{"line":11,"column":14}},"loc":{"start":{"line":11,"column":59},"end":{"line":11,"column":63}}},"1":{"name":"(anonymous_5)","decl":{"start":{"line":13,"column":1},"end":{"line":13,"column":6}},"loc":{"start":{"line":13,"column":78},"end":{"line":21,"column":2}}}},"branchMap":{"0":{"loc":{"start":{"line":14,"column":2},"end":{"line":20,"column":null}},"type":"if","locations":[{"start":{"line":14,"column":2},"end":{"line":20,"column":null}},{"start":{"line":17,"column":9},"end":{"line":20,"column":null}}]}},"s":{"0":1,"1":1,"2":1,"3":1,"4":1,"5":1,"6":4,"7":4,"8":4,"9":0,"10":0,"11":1,"12":1},"f":{"0":1,"1":4},"b":{"0":[4,0]}}
,"/home/tagavor/Documents/node-projs/braniubojni-dashboard-api/src/errors/http-error.class.ts": {"path":"/home/tagavor/Documents/node-projs/braniubojni-dashboard-api/src/errors/http-error.class.ts","statementMap":{"0":{"start":{"line":6,"column":2},"end":{"line":6,"column":17}},"1":{"start":{"line":7,"column":2},"end":{"line":7,"column":31}},"2":{"start":{"line":8,"column":2},"end":{"line":8,"column":25}},"3":{"start":{"line":9,"column":2},"end":{"line":9,"column":25}},"4":{"start":{"line":1,"column":0},"end":{"line":1,"column":13}}},"fnMap":{"0":{"name":"(anonymous_0)","decl":{"start":{"line":5,"column":1},"end":{"line":5,"column":13}},"loc":{"start":{"line":5,"column":66},"end":{"line":10,"column":2}}}},"branchMap":{},"s":{"0":4,"1":4,"2":4,"3":4,"4":1},"f":{"0":4},"b":{}}
,"/home/tagavor/Documents/node-projs/braniubojni-dashboard-api/src/logger/logger.service.ts": {"path":"/home/tagavor/Documents/node-projs/braniubojni-dashboard-api/src/logger/logger.service.ts","statementMap":{"0":{"start":{"line":1,"column":0},"end":{"line":1,"column":39}},"1":{"start":{"line":2,"column":0},"end":{"line":2,"column":31}},"2":{"start":{"line":4,"column":0},"end":{"line":4,"column":26}},"3":{"start":{"line":7,"column":0},"end":{"line":32,"column":null}},"4":{"start":{"line":11,"column":2},"end":{"line":16,"column":5}},"5":{"start":{"line":22,"column":2},"end":{"line":22,"column":28}},"6":{"start":{"line":26,"column":2},"end":{"line":26,"column":29}},"7":{"start":{"line":30,"column":2},"end":{"line":30,"column":28}},"8":{"start":{"line":7,"column":13},"end":{"line":32,"column":null}},"9":{"start":{"line":7,"column":13},"end":{"line":7,"column":26}}},"fnMap":{"0":{"name":"(anonymous_2)","decl":{"start":{"line":10,"column":1},"end":{"line":10,"column":null}},"loc":{"start":{"line":10,"column":1},"end":{"line":17,"column":2}}},"1":{"name":"(anonymous_3)","decl":{"start":{"line":20,"column":1},"end":{"line":20,"column":4}},"loc":{"start":{"line":20,"column":23},"end":{"line":23,"column":2}}},"2":{"name":"(anonymous_4)","decl":{"start":{"line":25,"column":1},"end":{"line":25,"column":6}},"loc":{"start":{"line":25,"column":25},"end":{"line":27,"column":2}}},"3":{"name":"(anonymous_5)","decl":{"start":{"line":29,"column":1},"end":{"line":29,"column":5}},"loc":{"start":{"line":29,"column":24},"end":{"line":31,"column":2}}}},"branchMap":{},"s":{"0":1,"1":1,"2":1,"3":1,"4":1,"5":7,"6":4,"7":0,"8":1,"9":1},"f":{"0":1,"1":7,"2":4,"3":0},"b":{}}
,"/home/tagavor/Documents/node-projs/braniubojni-dashboard-api/src/users/user.entity.ts": {"path":"/home/tagavor/Documents/node-projs/braniubojni-dashboard-api/src/users/user.entity.ts","statementMap":{"0":{"start":{"line":1,"column":0},"end":{"line":1,"column":41}},"1":{"start":{"line":6,"column":19},"end":{"line":6,"column":33}},"2":{"start":{"line":7,"column":19},"end":{"line":7,"column":32}},"3":{"start":{"line":8,"column":19},"end":{"line":8,"column":40}},"4":{"start":{"line":10,"column":2},"end":{"line":12,"column":null}},"5":{"start":{"line":11,"column":3},"end":{"line":11,"column":33}},"6":{"start":{"line":16,"column":2},"end":{"line":16,"column":21}},"7":{"start":{"line":20,"column":2},"end":{"line":20,"column":20}},"8":{"start":{"line":24,"column":2},"end":{"line":24,"column":24}},"9":{"start":{"line":28,"column":2},"end":{"line":28,"column":43}},"10":{"start":{"line":36,"column":2},"end":{"line":36,"column":43}},"11":{"start":{"line":3,"column":0},"end":{"line":3,"column":13}}},"fnMap":{"0":{"name":"(anonymous_7)","decl":{"start":{"line":5,"column":1},"end":{"line":5,"column":null}},"loc":{"start":{"line":8,"column":40},"end":{"line":13,"column":2}}},"1":{"name":"(anonymous_8)","decl":{"start":{"line":15,"column":1},"end":{"line":15,"column":5}},"loc":{"start":{"line":15,"column":10},"end":{"line":17,"column":2}}},"2":{"name":"(anonymous_9)","decl":{"start":{"line":19,"column":1},"end":{"line":19,"column":5}},"loc":{"start":{"line":19,"column":9},"end":{"line":21,"column":2}}},"3":{"name":"(anonymous_10)","decl":{"start":{"line":23,"column":1},"end":{"line":23,"column":5}},"loc":{"start":{"line":23,"column":13},"end":{"line":25,"column":2}}},"4":{"name":"(anonymous_11)","decl":{"start":{"line":27,"column":14},"end":{"line":27,"column":25}},"loc":{"start":{"line":27,"column":52},"end":{"line":29,"column":null}}},"5":{"name":"(anonymous_13)","decl":{"start":{"line":35,"column":14},"end":{"line":35,"column":29}},"loc":{"start":{"line":35,"column":46},"end":{"line":37,"column":null}}}},"branchMap":{"0":{"loc":{"start":{"line":10,"column":2},"end":{"line":12,"column":null}},"type":"if","locations":[{"start":{"line":10,"column":2},"end":{"line":12,"column":null}}]}},"s":{"0":1,"1":5,"2":5,"3":5,"4":5,"5":2,"6":2,"7":2,"8":2,"9":3,"10":2,"11":1},"f":{"0":5,"1":2,"2":2,"3":2,"4":3,"5":2},"b":{"0":[2]}}
,"/home/tagavor/Documents/node-projs/braniubojni-dashboard-api/src/users/users.constants.ts": {"path":"/home/tagavor/Documents/node-projs/braniubojni-dashboard-api/src/users/users.constants.ts","statementMap":{"0":{"start":{"line":1,"column":13},"end":{"line":1,"column":52}},"1":{"start":{"line":2,"column":13},"end":{"line":2,"column":42}},"2":{"start":{"line":3,"column":13},"end":{"line":3,"column":48}},"3":{"start":{"line":4,"column":13},"end":{"line":4,"column":48}}},"fnMap":{},"branchMap":{},"s":{"0":1,"1":1,"2":1,"3":1},"f":{},"b":{}}
,"/home/tagavor/Documents/node-projs/braniubojni-dashboard-api/src/users/users.controller.ts": {"path":"/home/tagavor/Documents/node-projs/braniubojni-dashboard-api/src/users/users.controller.ts","statementMap":{"0":{"start":{"line":2,"column":0},"end":{"line":2,"column":47}},"1":{"start":{"line":3,"column":0},"end":{"line":3,"column":36}},"2":{"start":{"line":4,"column":0},"end":{"line":4,"column":26}},"3":{"start":{"line":5,"column":0},"end":{"line":5,"column":49}},"4":{"start":{"line":6,"column":0},"end":{"line":6,"column":59}},"5":{"start":{"line":7,"column":0},"end":{"line":7,"column":67}},"6":{"start":{"line":9,"column":0},"end":{"line":9,"column":55}},"7":{"start":{"line":11,"column":0},"end":{"line":11,"column":33}},"8":{"start":{"line":12,"column":0},"end":{"line":12,"column":52}},"9":{"start":{"line":13,"column":0},"end":{"line":13,"column":58}},"10":{"start":{"line":14,"column":0},"end":{"line":14,"column":74}},"11":{"start":{"line":16,"column":0},"end":{"line":16,"column":46}},"12":{"start":{"line":19,"column":0},"end":{"line":124,"column":null}},"13":{"start":{"line":26,"column":2},"end":{"line":26,"column":23}},"14":{"start":{"line":22,"column":42},"end":{"line":22,"column":64}},"15":{"start":{"line":23,"column":46},"end":{"line":23,"column":59}},"16":{"start":{"line":24,"column":48},"end":{"line":24,"column":77}},"17":{"start":{"line":27,"column":2},"end":{"line":56,"column":5}},"18":{"start":{"line":66,"column":17},"end":{"line":66,"column":58}},"19":{"start":{"line":67,"column":2},"end":{"line":69,"column":null}},"20":{"start":{"line":68,"column":3},"end":{"line":68,"column":56}},"21":{"start":{"line":70,"column":14},"end":{"line":70,"column":94}},"22":{"start":{"line":71,"column":2},"end":{"line":71,"column":24}},"23":{"start":{"line":79,"column":18},"end":{"line":79,"column":57}},"24":{"start":{"line":81,"column":2},"end":{"line":81,"column":64}},"25":{"start":{"line":81,"column":16},"end":{"line":81,"column":64}},"26":{"start":{"line":83,"column":2},"end":{"line":83,"column":62}},"27":{"start":{"line":87,"column":19},"end":{"line":87,"column":59}},"28":{"start":{"line":89,"column":2},"end":{"line":91,"column":null}},"29":{"start":{"line":90,"column":3},"end":{"line":90,"column":46}},"30":{"start":{"line":93,"column":2},"end":{"line":93,"column":63}},"31":{"start":{"line":97,"column":22},"end":{"line":97,"column":67}},"32":{"start":{"line":99,"column":2},"end":{"line":99,"column":63}},"33":{"start":{"line":99,"column":20},"end":{"line":99,"column":63}},"34":{"start":{"line":101,"column":2},"end":{"line":101,"column":69}},"35":{"start":{"line":105,"column":2},"end":{"line":122,"column":5}},"36":{"start":{"line":106,"column":3},"end":{"line":121,"column":5}},"37":{"start":{"line":116,"column":5},"end":{"line":118,"column":null}},"38":{"start":{"line":117,"column":6},"end":{"line":117,"column":15}},"39":{"start":{"line":119,"column":5},"end":{"line":119,"column":26}},"40":{"start":{"line":19,"column":13},"end":{"line":124,"column":null}},"41":{"start":{"line":19,"column":13},"end":{"line":19,"column":27}}},"fnMap":{"0":{"name":"(anonymous_11)","decl":{"start":{"line":21,"column":1},"end":{"line":21,"column":null}},"loc":{"start":{"line":24,"column":77},"end":{"line":57,"column":2}}},"1":{"name":"(anonymous_12)","decl":{"start":{"line":59,"column":7},"end":{"line":59,"column":12}},"loc":{"start":{"line":62,"column":20},"end":{"line":72,"column":null}}},"2":{"name":"(anonymous_14)","decl":{"start":{"line":74,"column":7},"end":{"line":74,"column":15}},"loc":{"start":{"line":77,"column":20},"end":{"line":84,"column":null}}},"3":{"name":"(anonymous_16)","decl":{"start":{"line":86,"column":7},"end":{"line":86,"column":11}},"loc":{"start":{"line":86,"column":64},"end":{"line":94,"column":null}}},"4":{"name":"(anonymous_18)","decl":{"start":{"line":96,"column":7},"end":{"line":96,"column":13}},"loc":{"start":{"line":96,"column":66},"end":{"line":102,"column":null}}},"5":{"name":"(anonymous_20)","decl":{"start":{"line":104,"column":9},"end":{"line":104,"column":16}},"loc":{"start":{"line":104,"column":46},"end":{"line":123,"column":2}}},"6":{"name":"(anonymous_21)","decl":{"start":{"line":105,"column":29},"end":{"line":105,"column":30}},"loc":{"start":{"line":105,"column":42},"end":{"line":122,"column":3}}},"7":{"name":"(anonymous_22)","decl":{"start":{"line":115,"column":4},"end":{"line":115,"column":5}},"loc":{"start":{"line":115,"column":19},"end":{"line":120,"column":5}}}},"branchMap":{"0":{"loc":{"start":{"line":67,"column":2},"end":{"line":69,"column":null}},"type":"if","locations":[{"start":{"line":67,"column":2},"end":{"line":69,"column":null}}]},"1":{"loc":{"start":{"line":70,"column":45},"end":{"line":70,"column":93}},"type":"binary-expr","locations":[{"start":{"line":70,"column":45},"end":{"line":70,"column":77}},{"start":{"line":70,"column":81},"end":{"line":70,"column":93}}]},"2":{"loc":{"start":{"line":81,"column":2},"end":{"line":81,"column":64}},"type":"if","locations":[{"start":{"line":81,"column":2},"end":{"line":81,"column":64}}]},"3":{"loc":{"start":{"line":89,"column":2},"end":{"line":91,"column":null}},"type":"if","locations":[{"start":{"line":89,"column":2},"end":{"line":91,"column":null}}]},"4":{"loc":{"start":{"line":99,"column":2},"end":{"line":99,"column":63}},"type":"if","locations":[{"start":{"line":99,"column":2},"end":{"line":99,"column":63}}]},"5":{"loc":{"start":{"line":116,"column":5},"end":{"line":118,"column":null}},"type":"if","locations":[{"start":{"line":116,"column":5},"end":{"line":118,"column":null}}]}},"s":{"0":1,"1":1,"2":1,"3":1,"4":1,"5":1,"6":1,"7":1,"8":1,"9":1,"10":1,"11":1,"12":1,"13":1,"14":1,"15":1,"16":1,"17":1,"18":3,"19":3,"20":1,"21":2,"22":2,"23":3,"24":3,"25":1,"26":2,"27":2,"28":2,"29":1,"30":1,"31":3,"32":3,"33":1,"34":2,"35":2,"36":2,"37":2,"38":0,"39":2,"40":1,"41":1},"f":{"0":1,"1":3,"2":3,"3":2,"4":3,"5":2,"6":2,"7":2},"b":{"0":[1],"1":[2,0],"2":[1],"3":[1],"4":[1],"5":[0]}}
,"/home/tagavor/Documents/node-projs/braniubojni-dashboard-api/src/users/users.repository.ts": {"path":"/home/tagavor/Documents/node-projs/braniubojni-dashboard-api/src/users/users.repository.ts","statementMap":{"0":{"start":{"line":2,"column":0},"end":{"line":2,"column":47}},"1":{"start":{"line":3,"column":0},"end":{"line":3,"column":59}},"2":{"start":{"line":4,"column":0},"end":{"line":4,"column":33}},"3":{"start":{"line":9,"column":0},"end":{"line":36,"column":null}},"4":{"start":{"line":10,"column":50},"end":{"line":10,"column":65}},"5":{"start":{"line":12,"column":2},"end":{"line":18,"column":5}},"6":{"start":{"line":22,"column":2},"end":{"line":26,"column":5}},"7":{"start":{"line":30,"column":2},"end":{"line":34,"column":5}},"8":{"start":{"line":9,"column":13},"end":{"line":36,"column":null}},"9":{"start":{"line":9,"column":13},"end":{"line":9,"column":28}}},"fnMap":{"0":{"name":"(anonymous_11)","decl":{"start":{"line":10,"column":1},"end":{"line":10,"column":14}},"loc":{"start":{"line":10,"column":78},"end":{"line":10,"column":82}}},"1":{"name":"(anonymous_12)","decl":{"start":{"line":11,"column":7},"end":{"line":11,"column":13}},"loc":{"start":{"line":11,"column":45},"end":{"line":19,"column":null}}},"2":{"name":"(anonymous_14)","decl":{"start":{"line":21,"column":7},"end":{"line":21,"column":11}},"loc":{"start":{"line":21,"column":25},"end":{"line":27,"column":null}}},"3":{"name":"(anonymous_16)","decl":{"start":{"line":29,"column":7},"end":{"line":29,"column":13}},"loc":{"start":{"line":29,"column":24},"end":{"line":35,"column":null}}}},"branchMap":{},"s":{"0":1,"1":1,"2":1,"3":1,"4":1,"5":2,"6":11,"7":2,"8":1,"9":1},"f":{"0":1,"1":2,"2":11,"3":2},"b":{}}
,"/home/tagavor/Documents/node-projs/braniubojni-dashboard-api/src/users/users.service.ts": {"path":"/home/tagavor/Documents/node-projs/braniubojni-dashboard-api/src/users/users.service.ts","statementMap":{"0":{"start":{"line":2,"column":0},"end":{"line":2,"column":47}},"1":{"start":{"line":4,"column":0},"end":{"line":4,"column":33}},"2":{"start":{"line":7,"column":0},"end":{"line":7,"column":37}},"3":{"start":{"line":12,"column":0},"end":{"line":64,"column":null}},"4":{"start":{"line":14,"column":39},"end":{"line":14,"column":68}},"5":{"start":{"line":15,"column":41},"end":{"line":15,"column":74}},"6":{"start":{"line":18,"column":18},"end":{"line":18,"column":39}},"7":{"start":{"line":19,"column":15},"end":{"line":19,"column":45}},"8":{"start":{"line":20,"column":2},"end":{"line":20,"column":44}},"9":{"start":{"line":21,"column":22},"end":{"line":21,"column":60}},"10":{"start":{"line":22,"column":2},"end":{"line":24,"column":null}},"11":{"start":{"line":23,"column":3},"end":{"line":23,"column":15}},"12":{"start":{"line":26,"column":2},"end":{"line":26,"column":52}},"13":{"start":{"line":30,"column":22},"end":{"line":30,"column":60}},"14":{"start":{"line":31,"column":2},"end":{"line":33,"column":null}},"15":{"start":{"line":32,"column":3},"end":{"line":32,"column":16}},"16":{"start":{"line":34,"column":18},"end":{"line":34,"column":85}},"17":{"start":{"line":36,"column":2},"end":{"line":36,"column":43}},"18":{"start":{"line":40,"column":2},"end":{"line":40,"column":42}},"19":{"start":{"line":44,"column":19},"end":{"line":44,"column":48}},"20":{"start":{"line":45,"column":2},"end":{"line":45,"column":29}},"21":{"start":{"line":45,"column":17},"end":{"line":45,"column":29}},"22":{"start":{"line":47,"column":2},"end":{"line":47,"column":50}},"23":{"start":{"line":12,"column":13},"end":{"line":64,"column":null}},"24":{"start":{"line":12,"column":13},"end":{"line":12,"column":24}}},"fnMap":{"0":{"name":"(anonymous_11)","decl":{"start":{"line":13,"column":1},"end":{"line":13,"column":null}},"loc":{"start":{"line":15,"column":74},"end":{"line":16,"column":5}}},"1":{"name":"(anonymous_12)","decl":{"start":{"line":17,"column":7},"end":{"line":17,"column":17}},"loc":{"start":{"line":17,"column":60},"end":{"line":27,"column":null}}},"2":{"name":"(anonymous_14)","decl":{"start":{"line":29,"column":7},"end":{"line":29,"column":19}},"loc":{"start":{"line":29,"column":53},"end":{"line":37,"column":null}}},"3":{"name":"(anonymous_16)","decl":{"start":{"line":39,"column":7},"end":{"line":39,"column":18}},"loc":{"start":{"line":39,"column":32},"end":{"line":41,"column":null}}},"4":{"name":"(anonymous_18)","decl":{"start":{"line":43,"column":7},"end":{"line":43,"column":17}},"loc":{"start":{"line":43,"column":31},"end":{"line":48,"column":null}}}},"branchMap":{"0":{"loc":{"start":{"line":22,"column":2},"end":{"line":24,"column":null}},"type":"if","locations":[{"start":{"line":22,"column":2},"end":{"line":24,"column":null}}]},"1":{"loc":{"start":{"line":31,"column":2},"end":{"line":33,"column":null}},"type":"if","locations":[{"start":{"line":31,"column":2},"end":{"line":33,"column":null}}]},"2":{"loc":{"start":{"line":45,"column":2},"end":{"line":45,"column":29}},"type":"if","locations":[{"start":{"line":45,"column":2},"end":{"line":45,"column":29}}]}},"s":{"0":1,"1":1,"2":1,"3":1,"4":1,"5":1,"6":3,"7":3,"8":3,"9":3,"10":3,"11":1,"12":2,"13":3,"14":3,"15":1,"16":2,"17":2,"18":5,"19":3,"20":3,"21":1,"22":2,"23":1,"24":1},"f":{"0":1,"1":3,"2":3,"3":5,"4":3},"b":{"0":[1],"1":[1],"2":[1]}}
,"/home/tagavor/Documents/node-projs/braniubojni-dashboard-api/src/users/dto/user-login.dto.ts": {"path":"/home/tagavor/Documents/node-projs/braniubojni-dashboard-api/src/users/dto/user-login.dto.ts","statementMap":{"0":{"start":{"line":1,"column":0},"end":{"line":1,"column":52}},"1":{"start":{"line":5,"column":1},"end":{"line":5,"column":null}},"2":{"start":{"line":8,"column":1},"end":{"line":8,"column":null}},"3":{"start":{"line":3,"column":0},"end":{"line":3,"column":13}}},"fnMap":{},"branchMap":{},"s":{"0":1,"1":1,"2":1,"3":1},"f":{},"b":{}}
,"/home/tagavor/Documents/node-projs/braniubojni-dashboard-api/src/users/dto/user-register.dto.ts": {"path":"/home/tagavor/Documents/node-projs/braniubojni-dashboard-api/src/users/dto/user-register.dto.ts","statementMap":{"0":{"start":{"line":1,"column":0},"end":{"line":1,"column":73}},"1":{"start":{"line":5,"column":1},"end":{"line":5,"column":null}},"2":{"start":{"line":9,"column":1},"end":{"line":9,"column":null}},"3":{"start":{"line":12,"column":1},"end":{"line":12,"column":null}},"4":{"start":{"line":3,"column":0},"end":{"line":3,"column":13}}},"fnMap":{},"branchMap":{},"s":{"0":1,"1":1,"2":1,"3":1,"4":1},"f":{},"b":{}}
}
