TN:
SF:src/app.ts
FN:21,(anonymous_12)
FN:33,(anonymous_13)
FN:39,(anonymous_14)
FN:43,(anonymous_15)
FN:47,(anonymous_16)
FN:53,(anonymous_18)
FN:56,(anonymous_19)
FNF:7
FNH:7
FNDA:1,(anonymous_12)
FNDA:1,(anonymous_13)
FNDA:1,(anonymous_14)
FNDA:1,(anonymous_15)
FNDA:1,(anonymous_16)
FNDA:1,(anonymous_18)
FNDA:1,(anonymous_19)
DA:1,1
DA:2,1
DA:4,1
DA:5,1
DA:6,1
DA:8,1
DA:11,1
DA:12,1
DA:13,1
DA:16,1
DA:22,1
DA:23,1
DA:24,1
DA:25,1
DA:26,1
DA:27,1
DA:29,1
DA:30,1
DA:34,1
DA:35,1
DA:36,1
DA:40,1
DA:44,1
DA:48,1
DA:49,1
DA:50,1
DA:51,1
DA:52,1
DA:53,1
DA:57,1
LF:30
LH:30
BRDA:35,0,0,1
BRDA:35,0,1,0
BRF:2
BRH:1
end_of_record
TN:
SF:src/main.ts
FN:17,(anonymous_7)
FN:33,bootstrap
FNF:2
FNH:2
FNDA:1,(anonymous_7)
FNDA:1,bootstrap
DA:1,1
DA:2,1
DA:3,1
DA:4,1
DA:5,1
DA:8,1
DA:9,1
DA:10,1
DA:12,1
DA:14,1
DA:17,1
DA:18,1
DA:19,1
DA:20,1
DA:21,1
DA:22,1
DA:23,1
DA:24,1
DA:25,1
DA:34,1
DA:35,1
DA:36,1
DA:37,1
DA:38,1
DA:44,1
LF:25
LH:25
BRF:0
BRH:0
end_of_record
TN:
SF:src/types.ts
FNF:0
FNH:0
DA:1,1
LF:1
LH:1
BRF:0
BRH:0
end_of_record
TN:
SF:src/common/auth.guard.ts
FN:6,(anonymous_0)
FNF:1
FNH:1
FNDA:6,(anonymous_0)
DA:2,1
DA:5,1
DA:7,6
DA:8,5
DA:10,1
LF:5
LH:5
BRDA:7,0,0,5
BRF:1
BRH:1
end_of_record
TN:
SF:src/common/auth.middleware.ts
FN:6,(anonymous_0)
FN:8,(anonymous_1)
FN:13,(anonymous_2)
FNF:3
FNH:3
FNDA:1,(anonymous_0)
FNDA:12,(anonymous_1)
FNDA:6,(anonymous_2)
DA:2,1
DA:5,1
DA:6,1
DA:9,12
DA:10,6
DA:11,6
DA:13,6
DA:14,6
DA:15,1
DA:16,5
DA:17,5
DA:18,5
DA:22,6
LF:13
LH:13
BRDA:9,0,0,6
BRDA:9,0,1,6
BRDA:11,1,0,0
BRDA:11,2,0,6
BRDA:11,2,1,6
BRDA:14,3,0,1
BRDA:14,3,1,5
BRDA:16,4,0,5
BRDA:16,5,0,5
BRDA:16,5,1,5
BRF:10
BRH:9
end_of_record
TN:
SF:src/common/base.controller.ts
FN:10,(anonymous_2)
FN:14,(anonymous_3)
FN:18,(anonymous_4)
FN:23,(anonymous_5)
FN:27,(anonymous_6)
FN:31,(anonymous_7)
FN:34,(anonymous_8)
FNF:7
FNH:7
FNDA:1,(anonymous_2)
FNDA:5,(anonymous_3)
FNDA:5,(anonymous_4)
FNDA:5,(anonymous_5)
FNDA:2,(anonymous_6)
FNDA:1,(anonymous_7)
FNDA:4,(anonymous_8)
DA:1,1
DA:2,1
DA:5,1
DA:8,1
DA:10,1
DA:11,1
DA:15,5
DA:19,5
DA:20,5
DA:24,5
DA:28,2
DA:32,1
DA:33,4
DA:34,4
DA:35,4
DA:36,4
DA:37,4
LF:17
LH:17
BRDA:34,0,0,0
BRDA:34,0,1,4
BRDA:34,1,0,4
BRDA:34,1,1,4
BRDA:36,2,0,4
BRDA:36,2,1,0
BRF:6
BRH:4
end_of_record
TN:
SF:src/common/validate.middleware.ts
FN:7,(anonymous_0)
FN:9,(anonymous_1)
FN:12,(anonymous_2)
FNF:3
FNH:3
FNDA:2,(anonymous_0)
FNDA:6,(anonymous_1)
FNDA:6,(anonymous_2)
DA:1,1
DA:2,1
DA:6,1
DA:7,2
DA:10,6
DA:12,6
DA:13,6
DA:14,0
DA:16,6
LF:9
LH:8
BRDA:13,0,0,0
BRDA:13,0,1,6
BRF:2
BRH:1
end_of_record
TN:
SF:src/config/config.service.ts
FN:10,(anonymous_4)
FN:19,(anonymous_5)
FNF:2
FNH:2
FNDA:1,(anonymous_4)
FNDA:6,(anonymous_5)
DA:1,1
DA:2,1
DA:4,1
DA:8,1
DA:10,1
DA:11,1
DA:12,1
DA:13,0
DA:15,1
DA:16,1
DA:20,6
LF:11
LH:10
BRDA:12,0,0,0
BRDA:12,0,1,1
BRF:2
BRH:1
end_of_record
TN:
SF:src/database/prisma.service.ts
FN:10,(anonymous_11)
FN:14,(anonymous_12)
FN:25,(anonymous_14)
FNF:3
FNH:2
FNDA:1,(anonymous_11)
FNDA:1,(anonymous_12)
FNDA:0,(anonymous_14)
DA:1,1
DA:2,1
DA:4,1
DA:7,1
DA:10,1
DA:11,1
DA:15,1
DA:16,1
DA:17,1
DA:19,0
DA:20,0
DA:26,0
DA:27,0
DA:28,0
DA:30,0
DA:31,0
LF:16
LH:9
BRDA:19,0,0,0
BRDA:30,1,0,0
BRF:2
BRH:0
end_of_record
TN:
SF:src/errors/exeption.filter.ts
FN:11,(anonymous_4)
FN:13,(anonymous_5)
FNF:2
FNH:2
FNDA:1,(anonymous_4)
FNDA:4,(anonymous_5)
DA:2,1
DA:4,1
DA:6,1
DA:7,1
DA:10,1
DA:11,1
DA:14,4
DA:15,4
DA:16,4
DA:18,0
DA:19,0
LF:11
LH:9
BRDA:14,0,0,4
BRDA:14,0,1,0
BRF:2
BRH:1
end_of_record
TN:
SF:src/errors/http-error.class.ts
FN:5,(anonymous_0)
FNF:1
FNH:1
FNDA:4,(anonymous_0)
DA:1,1
DA:6,4
DA:7,4
DA:8,4
DA:9,4
LF:5
LH:5
BRF:0
BRH:0
end_of_record
TN:
SF:src/logger/logger.service.ts
FN:10,(anonymous_2)
FN:20,(anonymous_3)
FN:25,(anonymous_4)
FN:29,(anonymous_5)
FNF:4
FNH:3
FNDA:1,(anonymous_2)
FNDA:7,(anonymous_3)
FNDA:4,(anonymous_4)
FNDA:0,(anonymous_5)
DA:1,1
DA:2,1
DA:4,1
DA:7,1
DA:11,1
DA:22,7
DA:26,4
DA:30,0
LF:8
LH:7
BRF:0
BRH:0
end_of_record
TN:
SF:src/users/user.entity.ts
FN:5,(anonymous_7)
FN:15,(anonymous_8)
FN:19,(anonymous_9)
FN:23,(anonymous_10)
FN:27,(anonymous_11)
FN:35,(anonymous_13)
FNF:6
FNH:6
FNDA:5,(anonymous_7)
FNDA:2,(anonymous_8)
FNDA:2,(anonymous_9)
FNDA:2,(anonymous_10)
FNDA:3,(anonymous_11)
FNDA:2,(anonymous_13)
DA:1,1
DA:3,1
DA:6,5
DA:7,5
DA:8,5
DA:10,5
DA:11,2
DA:16,2
DA:20,2
DA:24,2
DA:28,3
DA:36,2
LF:12
LH:12
BRDA:10,0,0,2
BRF:1
BRH:1
end_of_record
TN:
SF:src/users/users.constants.ts
FNF:0
FNH:0
DA:1,1
DA:2,1
DA:3,1
DA:4,1
LF:4
LH:4
BRF:0
BRH:0
end_of_record
TN:
SF:src/users/users.controller.ts
FN:21,(anonymous_11)
FN:59,(anonymous_12)
FN:74,(anonymous_14)
FN:86,(anonymous_16)
FN:96,(anonymous_18)
FN:104,(anonymous_20)
FN:105,(anonymous_21)
FN:115,(anonymous_22)
FNF:8
FNH:8
FNDA:1,(anonymous_11)
FNDA:3,(anonymous_12)
FNDA:3,(anonymous_14)
FNDA:2,(anonymous_16)
FNDA:3,(anonymous_18)
FNDA:2,(anonymous_20)
FNDA:2,(anonymous_21)
FNDA:2,(anonymous_22)
DA:2,1
DA:3,1
DA:4,1
DA:5,1
DA:6,1
DA:7,1
DA:9,1
DA:11,1
DA:12,1
DA:13,1
DA:14,1
DA:16,1
DA:19,1
DA:22,1
DA:23,1
DA:24,1
DA:26,1
DA:27,1
DA:66,3
DA:67,3
DA:68,1
DA:70,2
DA:71,2
DA:79,3
DA:81,3
DA:83,2
DA:87,2
DA:89,2
DA:90,1
DA:93,1
DA:97,3
DA:99,3
DA:101,2
DA:105,2
DA:106,2
DA:116,2
DA:117,0
DA:119,2
LF:38
LH:37
BRDA:67,0,0,1
BRDA:70,1,0,2
BRDA:70,1,1,0
BRDA:81,2,0,1
BRDA:89,3,0,1
BRDA:99,4,0,1
BRDA:116,5,0,0
BRF:7
BRH:5
end_of_record
TN:
SF:src/users/users.repository.ts
FN:10,(anonymous_11)
FN:11,(anonymous_12)
FN:21,(anonymous_14)
FN:29,(anonymous_16)
FNF:4
FNH:4
FNDA:1,(anonymous_11)
FNDA:2,(anonymous_12)
FNDA:11,(anonymous_14)
FNDA:2,(anonymous_16)
DA:2,1
DA:3,1
DA:4,1
DA:9,1
DA:10,1
DA:12,2
DA:22,11
DA:30,2
LF:8
LH:8
BRF:0
BRH:0
end_of_record
TN:
SF:src/users/users.service.ts
FN:13,(anonymous_11)
FN:17,(anonymous_12)
FN:29,(anonymous_14)
FN:39,(anonymous_16)
FN:43,(anonymous_18)
FNF:5
FNH:5
FNDA:1,(anonymous_11)
FNDA:3,(anonymous_12)
FNDA:3,(anonymous_14)
FNDA:5,(anonymous_16)
FNDA:3,(anonymous_18)
DA:2,1
DA:4,1
DA:7,1
DA:12,1
DA:14,1
DA:15,1
DA:18,3
DA:19,3
DA:20,3
DA:21,3
DA:22,3
DA:23,1
DA:26,2
DA:30,3
DA:31,3
DA:32,1
DA:34,2
DA:36,2
DA:40,5
DA:44,3
DA:45,3
DA:47,2
LF:22
LH:22
BRDA:22,0,0,1
BRDA:31,1,0,1
BRDA:45,2,0,1
BRF:3
BRH:3
end_of_record
TN:
SF:src/users/dto/user-login.dto.ts
FNF:0
FNH:0
DA:1,1
DA:3,1
DA:5,1
DA:8,1
LF:4
LH:4
BRF:0
BRH:0
end_of_record
TN:
SF:src/users/dto/user-register.dto.ts
FNF:0
FNH:0
DA:1,1
DA:3,1
DA:5,1
DA:9,1
DA:12,1
LF:5
LH:5
BRF:0
BRH:0
end_of_record
